This is pdfTeX, Version 3.141592653-2.6-1.40.25 (TeX Live 2023/Arch Linux) (preloaded format=pdflatex 2023.4.27)  21 AUG 2023 17:22
entering extended mode
 restricted \write18 enabled.
 %&-line parsing enabled.
**elaborato.tex
(./elaborato.tex
LaTeX2e <2022-11-01> patch level 1
L3 programming layer <2023-02-22>
(/usr/share/texmf-dist/tex/latex/base/article.cls
Document Class: article 2022/07/02 v1.4n Standard LaTeX document class
(/usr/share/texmf-dist/tex/latex/base/size10.clo
File: size10.clo 2022/07/02 v1.4n Standard LaTeX file (size option)
)
\c@part=\count185
\c@section=\count186
\c@subsection=\count187
\c@subsubsection=\count188
\c@paragraph=\count189
\c@subparagraph=\count190
\c@figure=\count191
\c@table=\count192
\abovecaptionskip=\skip48
\belowcaptionskip=\skip49
\bibindent=\dimen140
)
(/usr/share/texmf-dist/tex/latex/base/inputenc.sty
Package: inputenc 2021/02/14 v1.3d Input encoding file
\inpenc@prehook=\toks16
\inpenc@posthook=\toks17
)
(/usr/share/texmf-dist/tex/latex/amsmath/amsmath.sty
Package: amsmath 2022/04/08 v2.17n AMS math features
\@mathmargin=\skip50

For additional information on amsmath, use the `?' option.
(/usr/share/texmf-dist/tex/latex/amsmath/amstext.sty
Package: amstext 2021/08/26 v2.01 AMS text

(/usr/share/texmf-dist/tex/latex/amsmath/amsgen.sty
File: amsgen.sty 1999/11/30 v2.0 generic functions
\@emptytoks=\toks18
\ex@=\dimen141
))
(/usr/share/texmf-dist/tex/latex/amsmath/amsbsy.sty
Package: amsbsy 1999/11/29 v1.2d Bold Symbols
\pmbraise@=\dimen142
)
(/usr/share/texmf-dist/tex/latex/amsmath/amsopn.sty
Package: amsopn 2022/04/08 v2.04 operator names
)
\inf@bad=\count193
LaTeX Info: Redefining \frac on input line 234.
\uproot@=\count194
\leftroot@=\count195
LaTeX Info: Redefining \overline on input line 399.
LaTeX Info: Redefining \colon on input line 410.
\classnum@=\count196
\DOTSCASE@=\count197
LaTeX Info: Redefining \ldots on input line 496.
LaTeX Info: Redefining \dots on input line 499.
LaTeX Info: Redefining \cdots on input line 620.
\Mathstrutbox@=\box51
\strutbox@=\box52
LaTeX Info: Redefining \big on input line 722.
LaTeX Info: Redefining \Big on input line 723.
LaTeX Info: Redefining \bigg on input line 724.
LaTeX Info: Redefining \Bigg on input line 725.
\big@size=\dimen143
LaTeX Font Info:    Redeclaring font encoding OML on input line 743.
LaTeX Font Info:    Redeclaring font encoding OMS on input line 744.
\macc@depth=\count198
LaTeX Info: Redefining \bmod on input line 905.
LaTeX Info: Redefining \pmod on input line 910.
LaTeX Info: Redefining \smash on input line 940.
LaTeX Info: Redefining \relbar on input line 970.
LaTeX Info: Redefining \Relbar on input line 971.
\c@MaxMatrixCols=\count199
\dotsspace@=\muskip16
\c@parentequation=\count266
\dspbrk@lvl=\count267
\tag@help=\toks19
\row@=\count268
\column@=\count269
\maxfields@=\count270
\andhelp@=\toks20
\eqnshift@=\dimen144
\alignsep@=\dimen145
\tagshift@=\dimen146
\tagwidth@=\dimen147
\totwidth@=\dimen148
\lineht@=\dimen149
\@envbody=\toks21
\multlinegap=\skip51
\multlinetaggap=\skip52
\mathdisplay@stack=\toks22
LaTeX Info: Redefining \[ on input line 2953.
LaTeX Info: Redefining \] on input line 2954.
)
(/usr/share/texmf-dist/tex/latex/amsfonts/amsfonts.sty
Package: amsfonts 2013/01/14 v3.01 Basic AMSFonts support
\symAMSa=\mathgroup4
\symAMSb=\mathgroup5
LaTeX Font Info:    Redeclaring math symbol \hbar on input line 98.
LaTeX Font Info:    Overwriting math alphabet `\mathfrak' in version `bold'
(Font)                  U/euf/m/n --> U/euf/b/n on input line 106.
)
(/usr/share/texmf-dist/tex/latex/amsfonts/amssymb.sty
Package: amssymb 2013/01/14 v3.01 AMS font symbols
)
(/usr/share/texmf-dist/tex/latex/tools/verbatim.sty
Package: verbatim 2022-07-02 v1.5u LaTeX2e package for verbatim enhancements
\every@verbatim=\toks23
\verbatim@line=\toks24
\verbatim@in@stream=\read2
)
(/usr/share/texmf-dist/tex/latex/l3backend/l3backend-pdftex.def
File: l3backend-pdftex.def 2023-01-16 L3 backend support: PDF output (pdfTeX)
\l__color_backend_stack_int=\count271
\l__pdf_internal_box=\box53
)
(./elaborato.aux)
\openout1 = `elaborato.aux'.

LaTeX Font Info:    Checking defaults for OML/cmm/m/it on input line 10.
LaTeX Font Info:    ... okay on input line 10.
LaTeX Font Info:    Checking defaults for OMS/cmsy/m/n on input line 10.
LaTeX Font Info:    ... okay on input line 10.
LaTeX Font Info:    Checking defaults for OT1/cmr/m/n on input line 10.
LaTeX Font Info:    ... okay on input line 10.
LaTeX Font Info:    Checking defaults for T1/cmr/m/n on input line 10.
LaTeX Font Info:    ... okay on input line 10.
LaTeX Font Info:    Checking defaults for TS1/cmr/m/n on input line 10.
LaTeX Font Info:    ... okay on input line 10.
LaTeX Font Info:    Checking defaults for OMX/cmex/m/n on input line 10.
LaTeX Font Info:    ... okay on input line 10.
LaTeX Font Info:    Checking defaults for U/cmr/m/n on input line 10.
LaTeX Font Info:    ... okay on input line 10.
LaTeX Font Info:    Trying to load font information for U+msa on input line 11.

 (/usr/share/texmf-dist/tex/latex/amsfonts/umsa.fd
File: umsa.fd 2013/01/14 v3.01 AMS symbols A
)
LaTeX Font Info:    Trying to load font information for U+msb on input line 11.


(/usr/share/texmf-dist/tex/latex/amsfonts/umsb.fd
File: umsb.fd 2013/01/14 v3.01 AMS symbols B
) [1

{/var/lib/texmf/fonts/map/pdftex/updmap/pdftex.map}] [2]
Overfull \hbox (34.91736pt too wide) in paragraph at lines 35--36
\OT1/cmr/m/n/10 La fun-zione $\OML/cmm/m/it/10 f\OT1/cmr/m/n/10 (\OML/cmm/m/it/
10 x\OT1/cmr/m/n/10 )$ si an-nulla solo nella radice sesta di $\OML/cmm/m/it/10
 x[]$\OT1/cmr/m/n/10 , quindi avendo un'approsimazione
 []

File: "../functions/radice.m"  (verbatim)

Overfull \hbox (17.24684pt too wide) in paragraph at lines 38--38
[]\OT1/cmtt/m/n/10 %   Questa funzione calcola la radice sesta di un valore non
 negativo[] 
 []


Overfull \hbox (90.7462pt too wide) in paragraph at lines 38--38
[]\OT1/cmtt/m/n/10 %   attraverso il metodo iterativo di Newton utilizzando sol
o operazioni elementari[] 
 []

[3]
File: "../tables/table_4.txt"  (verbatim)
File: "../functions/newtonMethod.m"  (verbatim)

Overfull \hbox (38.24666pt too wide) in paragraph at lines 44--44
[]\OT1/cmtt/m/n/10 %   Ricerca la radice di una funzione di cui ^^Re nota la de
rivata a partire[] 
 []


Overfull \hbox (38.24666pt too wide) in paragraph at lines 44--44
[]\OT1/cmtt/m/n/10 if tol<0, error("Invalid arguments: tolerance must be non ne
gative"); end[] 
 []

[4]
Overfull \hbox (74.99634pt too wide) in paragraph at lines 44--44
[]        \OT1/cmtt/m/n/10 error("Value of derivative function is 0, invalid fi
rst approximation");[] 
 []


Underfull \hbox (badness 10000) in paragraph at lines 45--46

 []

File: "../functions/secantsMethod.m"  (verbatim)

Overfull \hbox (38.24666pt too wide) in paragraph at lines 46--46
[]\OT1/cmtt/m/n/10 %   Ricerca la radice di una funzione di cui ^^Re nota la de
rivata a partire[] 
 []


Overfull \hbox (6.74693pt too wide) in paragraph at lines 46--46
[]\OT1/cmtt/m/n/10 %   da un approssimazione iniziale mediante il metodo delle 
secanti[] 
 []


Overfull \hbox (38.24666pt too wide) in paragraph at lines 46--46
[]\OT1/cmtt/m/n/10 if tol<0, error("Invalid arguments: tolerance must be non ne
gative"); end[] 
 []

[5]
File: "../tables/results_6.txt"  (verbatim)

Overfull \hbox (90.7462pt too wide) in paragraph at lines 50--50
[]\OT1/cmtt/m/n/10 Tolleranza    Ris. Newton    Iterazoni Newton    Ris. secant
i    Iterazioni secanti[] 
 []


Overfull \hbox (111.74602pt too wide) in paragraph at lines 50--50
[]    \OT1/cmtt/m/n/10 __________    ___________    ________________    _______
_____    __________________[] 
 []


Overfull \hbox (64.49643pt too wide) in paragraph at lines 50--50
[]      \OT1/cmtt/m/n/10 0.001         0.73909              8              0.73
91               4[] 
 []


Overfull \hbox (64.49643pt too wide) in paragraph at lines 50--50
[]      \OT1/cmtt/m/n/10 1e-06         0.73909              9             0.739
09               6[] 
 []


Overfull \hbox (64.49643pt too wide) in paragraph at lines 50--50
[]      \OT1/cmtt/m/n/10 1e-09         0.73909             10             0.739
09               7[] 
 []


Overfull \hbox (64.49643pt too wide) in paragraph at lines 50--50
[]      \OT1/cmtt/m/n/10 1e-12         0.73909             10             0.739
09               7[] 
 []


Overfull \hbox (33.36171pt too wide) in paragraph at lines 56--69
 [] 
 []

[6]
Underfull \hbox (badness 10000) in paragraph at lines 72--93

 []


Overfull \hbox (8.99751pt too wide) in paragraph at lines 72--93
[] 
 []


Underfull \hbox (badness 10000) in paragraph at lines 72--93

 []


Underfull \hbox (badness 10000) in paragraph at lines 72--93

 []


Underfull \hbox (badness 10000) in paragraph at lines 72--93

 []


Underfull \hbox (badness 10000) in paragraph at lines 72--93

 []

File: "../functions/modifiedNewtonMethod.m"  (verbatim)

Overfull \hbox (38.24666pt too wide) in paragraph at lines 93--93
[]\OT1/cmtt/m/n/10 %   Ricerca la radice di una funzione di cui ^^Re nota la de
rivata a partire[] 
 []


Overfull \hbox (38.24666pt too wide) in paragraph at lines 93--93
[]\OT1/cmtt/m/n/10 if tol<0, error("Invalid arguments: tolerance must be non ne
gative"); end[] 
 []

[7]
Overfull \hbox (74.99634pt too wide) in paragraph at lines 93--93
[]        \OT1/cmtt/m/n/10 error("Value of derivative function is 0, invalid fi
rst approximation");[] 
 []

[8] (./elaborato.aux) ) 
Here is how much of TeX's memory you used:
 1831 strings out of 476025
 26804 string characters out of 5796532
 1868388 words of memory out of 5000000
 22300 multiletter control sequences out of 15000+600000
 520357 words of font info for 64 fonts, out of 8000000 for 9000
 1141 hyphenation exceptions out of 8191
 56i,9n,62p,554b,272s stack positions out of 5000i,500n,10000p,200000b,80000s
</usr/share/texmf-dist/fonts/type1/public/amsfonts/cm/cm
bx10.pfb></usr/share/texmf-dist/fonts/type1/public/amsfonts/cm/cmbx12.pfb></usr
/share/texmf-dist/fonts/type1/public/amsfonts/cm/cmex10.pfb></usr/share/texmf-d
ist/fonts/type1/public/amsfonts/cm/cmmi10.pfb></usr/share/texmf-dist/fonts/type
1/public/amsfonts/cm/cmmi5.pfb></usr/share/texmf-dist/fonts/type1/public/amsfon
ts/cm/cmmi7.pfb></usr/share/texmf-dist/fonts/type1/public/amsfonts/cm/cmr10.pfb
></usr/share/texmf-dist/fonts/type1/public/amsfonts/cm/cmr12.pfb></usr/share/te
xmf-dist/fonts/type1/public/amsfonts/cm/cmr17.pfb></usr/share/texmf-dist/fonts/
type1/public/amsfonts/cm/cmr7.pfb></usr/share/texmf-dist/fonts/type1/public/ams
fonts/cm/cmsy10.pfb></usr/share/texmf-dist/fonts/type1/public/amsfonts/cm/cmsy5
.pfb></usr/share/texmf-dist/fonts/type1/public/amsfonts/cm/cmsy7.pfb></usr/shar
e/texmf-dist/fonts/type1/public/amsfonts/cm/cmti10.pfb></usr/share/texmf-dist/f
onts/type1/public/amsfonts/cm/cmtt10.pfb></usr/share/texmf-dist/fonts/type1/pub
lic/amsfonts/symbols/msbm10.pfb>
Output written on elaborato.pdf (8 pages, 181326 bytes).
PDF statistics:
 111 PDF objects out of 1000 (max. 8388607)
 68 compressed objects within 1 object stream
 0 named destinations out of 1000 (max. 500000)
 1 words of extra memory for PDF output out of 10000 (max. 10000000)

